0 info it worked if it ends with ok
1 verbose cli [ '/usr/bin/nodejs', '/usr/bin/npm', 'run', 'start' ]
2 info using npm@3.10.10
3 info using node@v6.10.3
4 verbose run-script [ 'prestart', 'start', 'poststart' ]
5 info lifecycle learning-react-redux@1.0.0~prestart: learning-react-redux@1.0.0
6 verbose lifecycle learning-react-redux@1.0.0~prestart: unsafe-perm in lifecycle true
7 verbose lifecycle learning-react-redux@1.0.0~prestart: PATH: /usr/lib/node_modules/npm/bin/node-gyp-bin:/home/nahum/projects/react/starting-react-redux/node_modules/.bin:/usr/local/sbin:/usr/local/bin:/usr/sbin:/usr/bin:/sbin:/bin:/usr/games:/usr/local/games:/snap/bin
8 verbose lifecycle learning-react-redux@1.0.0~prestart: CWD: /home/nahum/projects/react/starting-react-redux
9 silly lifecycle learning-react-redux@1.0.0~prestart: Args: [ '-c', 'babel-node tools/startMessage.js' ]
10 silly lifecycle learning-react-redux@1.0.0~prestart: Returned: code: 0  signal: null
11 info lifecycle learning-react-redux@1.0.0~start: learning-react-redux@1.0.0
12 verbose lifecycle learning-react-redux@1.0.0~start: unsafe-perm in lifecycle true
13 verbose lifecycle learning-react-redux@1.0.0~start: PATH: /usr/lib/node_modules/npm/bin/node-gyp-bin:/home/nahum/projects/react/starting-react-redux/node_modules/.bin:/usr/local/sbin:/usr/local/bin:/usr/sbin:/usr/bin:/sbin:/bin:/usr/games:/usr/local/games:/snap/bin
14 verbose lifecycle learning-react-redux@1.0.0~start: CWD: /home/nahum/projects/react/starting-react-redux
15 silly lifecycle learning-react-redux@1.0.0~start: Args: [ '-c',
15 silly lifecycle   'npm-run-all --parallel test:watch open:src lint:watch' ]
16 silly lifecycle learning-react-redux@1.0.0~start: Returned: code: 1  signal: null
17 info lifecycle learning-react-redux@1.0.0~start: Failed to exec start script
18 verbose stack Error: learning-react-redux@1.0.0 start: `npm-run-all --parallel test:watch open:src lint:watch`
18 verbose stack Exit status 1
18 verbose stack     at EventEmitter.<anonymous> (/usr/lib/node_modules/npm/lib/utils/lifecycle.js:255:16)
18 verbose stack     at emitTwo (events.js:106:13)
18 verbose stack     at EventEmitter.emit (events.js:191:7)
18 verbose stack     at ChildProcess.<anonymous> (/usr/lib/node_modules/npm/lib/utils/spawn.js:40:14)
18 verbose stack     at emitTwo (events.js:106:13)
18 verbose stack     at ChildProcess.emit (events.js:191:7)
18 verbose stack     at maybeClose (internal/child_process.js:886:16)
18 verbose stack     at Process.ChildProcess._handle.onexit (internal/child_process.js:226:5)
19 verbose pkgid learning-react-redux@1.0.0
20 verbose cwd /home/nahum/projects/react/starting-react-redux
21 error Linux 4.4.0-78-generic
22 error argv "/usr/bin/nodejs" "/usr/bin/npm" "run" "start"
23 error node v6.10.3
24 error npm  v3.10.10
25 error code ELIFECYCLE
26 error learning-react-redux@1.0.0 start: `npm-run-all --parallel test:watch open:src lint:watch`
26 error Exit status 1
27 error Failed at the learning-react-redux@1.0.0 start script 'npm-run-all --parallel test:watch open:src lint:watch'.
27 error Make sure you have the latest version of node.js and npm installed.
27 error If you do, this is most likely a problem with the learning-react-redux package,
27 error not with npm itself.
27 error Tell the author that this fails on your system:
27 error     npm-run-all --parallel test:watch open:src lint:watch
27 error You can get information on how to open an issue for this project with:
27 error     npm bugs learning-react-redux
27 error Or if that isn't available, you can get their info via:
27 error     npm owner ls learning-react-redux
27 error There is likely additional logging output above.
28 verbose exit [ 1, true ]
